<?xml version="1.0" encoding="UTF-8"?>
<!-- Generated by org.testng.reporters.JUnitXMLReporter -->
<testsuite hostname="DESKTOP-QRB56CU" name="Default test" tests="3" failures="0" timestamp="25 Sep 2024 23:43:20 GMT" time="20.321" errors="0">
  <testcase name="loginInChromeBrowser" time="6.778" classname="tests.LoginPageTest"/>
  <testcase name="loginInEdgeFoxBrowser" time="5.715" classname="tests.LoginPageTest"/>
  <testcase name="loginInFireFoxBrowser" time="7.81" classname="tests.LoginPageTest"/>
</testsuite> <!-- Default test -->
