<?xml version="1.0" encoding="UTF-8"?>
<!-- Generated by org.testng.reporters.JUnitXMLReporter -->
<testsuite hostname="DESKTOP-QRB56CU" name="Default test" tests="3" failures="0" timestamp="30 Sep 2024 04:36:18 GMT" time="18.205" errors="0">
  <testcase name="login_In_Chrome_Browser" time="5.504" classname="tests.LoginPageTest"/>
  <testcase name="login_In_Edge_FoxBrowser" time="4.091" classname="tests.LoginPageTest"/>
  <testcase name="login_In_FireFox_Browser" time="5.233" classname="tests.LoginPageTest"/>
</testsuite> <!-- Default test -->
