<?xml version="1.0" encoding="UTF-8"?>
<!-- Generated by org.testng.reporters.JUnitXMLReporter -->
<testsuite hostname="DESKTOP-QRB56CU" name="Test" tests="3" failures="0" timestamp="25 Sep 2024 17:41:45 GMT" time="16.237" errors="0">
  <testcase name="loginInChromeBrowser" time="5.099" classname="tests.LoginPageTest"/>
  <testcase name="loginInEdgeFoxBrowser" time="5.366" classname="tests.LoginPageTest"/>
  <testcase name="loginInFireFoxBrowser" time="5.762" classname="tests.LoginPageTest"/>
</testsuite> <!-- Test -->
