<?xml version="1.0" encoding="UTF-8"?>
<!-- Generated by org.testng.reporters.JUnitXMLReporter -->
<testsuite ignored="0" hostname="DESKTOP-QRB56CU" failures="0" tests="3" name="Test" time="16.949" errors="0" timestamp="2024-09-30T17:28:14 EDT">
  <testcase classname="tests.LoginPageTest" name="login_In_Chrome_Browser" time="5.706"/>
  <testcase classname="tests.LoginPageTest" name="login_In_Edge_FoxBrowser" time="3.535"/>
  <testcase classname="tests.LoginPageTest" name="login_In_FireFox_Browser" time="5.074"/>
</testsuite> <!-- Test -->
