<?xml version="1.0" encoding="UTF-8"?>
<!-- Generated by org.testng.reporters.JUnitXMLReporter -->
<testsuite ignored="0" hostname="DESKTOP-QRB56CU" failures="0" tests="3" name="Test" time="20.324" errors="0" timestamp="2024-09-25T20:20:49 EDT">
  <testcase classname="tests.LoginPageTest" name="loginInChromeBrowser" time="5.757"/>
  <testcase classname="tests.LoginPageTest" name="loginInEdgeFoxBrowser" time="5.607"/>
  <testcase classname="tests.LoginPageTest" name="loginInFireFoxBrowser" time="8.904"/>
</testsuite> <!-- Test -->
