<?xml version="1.0" encoding="UTF-8"?>
<testng-results ignored="0" total="3" passed="3" failed="0" skipped="0">
  <reporter-output>
  </reporter-output>
  <suite started-at="2024-09-25T20:20:29 EDT" name="Suite" finished-at="2024-09-25T20:20:49 EDT" duration-ms="20324">
    <groups>
    </groups>
    <test started-at="2024-09-25T20:20:29 EDT" name="Test" finished-at="2024-09-25T20:20:49 EDT" duration-ms="20324">
      <class name="tests.LoginPageTest">
        <test-method signature="loginInChromeBrowser()[pri:0, instance:tests.LoginPageTest@21de60b4]" started-at="2024-09-25T20:20:29 EDT" name="loginInChromeBrowser" finished-at="2024-09-25T20:20:34 EDT" duration-ms="5757" status="PASS">
          <reporter-output>
          </reporter-output>
        </test-method> <!-- loginInChromeBrowser -->
        <test-method signature="loginInEdgeFoxBrowser()[pri:0, instance:tests.LoginPageTest@21de60b4]" started-at="2024-09-25T20:20:34 EDT" name="loginInEdgeFoxBrowser" finished-at="2024-09-25T20:20:40 EDT" duration-ms="5607" status="PASS">
          <reporter-output>
          </reporter-output>
        </test-method> <!-- loginInEdgeFoxBrowser -->
        <test-method signature="loginInFireFoxBrowser()[pri:0, instance:tests.LoginPageTest@21de60b4]" started-at="2024-09-25T20:20:40 EDT" name="loginInFireFoxBrowser" finished-at="2024-09-25T20:20:49 EDT" duration-ms="8904" status="PASS">
          <reporter-output>
          </reporter-output>
        </test-method> <!-- loginInFireFoxBrowser -->
      </class> <!-- tests.LoginPageTest -->
    </test> <!-- Test -->
  </suite> <!-- Suite -->
</testng-results>
