<?xml version="1.0" encoding="UTF-8"?>
<testng-results skipped="0" failed="0" total="3" passed="3">
  <reporter-output>
  </reporter-output>
  <suite name="Default suite" duration-ms="20321" started-at="2024-09-25T23:43:00Z" finished-at="2024-09-25T23:43:20Z">
    <groups>
    </groups>
    <test name="Default test" duration-ms="20321" started-at="2024-09-25T23:43:00Z" finished-at="2024-09-25T23:43:20Z">
      <class name="tests.LoginPageTest">
        <test-method status="PASS" signature="loginInChromeBrowser()[pri:0, instance:tests.LoginPageTest@402f32ff]" name="loginInChromeBrowser" duration-ms="6778" started-at="2024-09-25T19:43:00Z" finished-at="2024-09-25T19:43:07Z">
          <reporter-output>
          </reporter-output>
        </test-method> <!-- loginInChromeBrowser -->
        <test-method status="PASS" signature="loginInEdgeFoxBrowser()[pri:0, instance:tests.LoginPageTest@402f32ff]" name="loginInEdgeFoxBrowser" duration-ms="5715" started-at="2024-09-25T19:43:07Z" finished-at="2024-09-25T19:43:13Z">
          <reporter-output>
          </reporter-output>
        </test-method> <!-- loginInEdgeFoxBrowser -->
        <test-method status="PASS" signature="loginInFireFoxBrowser()[pri:0, instance:tests.LoginPageTest@402f32ff]" name="loginInFireFoxBrowser" duration-ms="7810" started-at="2024-09-25T19:43:13Z" finished-at="2024-09-25T19:43:20Z">
          <reporter-output>
          </reporter-output>
        </test-method> <!-- loginInFireFoxBrowser -->
      </class> <!-- tests.LoginPageTest -->
    </test> <!-- Default test -->
  </suite> <!-- Default suite -->
</testng-results>
